[19/Jun/2026 20:40:09] "GET /api/ HTTP/1.1" 200 107
[19/Jun/2026 20:40:09,455] - Broken pipe from ('127.0.0.1', 51739)
[19/Jun/2026 20:40:52] "GET /api/image-jobs/ HTTP/1.1" 200 4761967
[19/Jun/2026 20:40:52] "GET /api/video-jobs/ HTTP/1.1" 200 12186361
[19/Jun/2026 20:41:12] "GET /api/image-jobs/ HTTP/1.1" 200 4761967
[19/Jun/2026 20:41:12] "GET /api/video-jobs/ HTTP/1.1" 200 12186361
[19/Jun/2026 20:41:54] "GET /api/image-jobs/ HTTP/1.1" 200 4761967
[19/Jun/2026 20:41:55] "GET /api/video-jobs/ HTTP/1.1" 200 12186361
[19/Jun/2026 20:44:32] "GET /api/ HTTP/1.1" 200 107
[19/Jun/2026 20:44:32,481] - Broken pipe from ('127.0.0.1', 52781)
[19/Jun/2026 20:45:28] "GET /api/image-jobs/ HTTP/1.1" 200 4761967
[19/Jun/2026 20:45:28] "GET /api/video-jobs/ HTTP/1.1" 200 12186361
[19/Jun/2026 20:48:19] "GET /api/image-jobs/ HTTP/1.1" 200 4761967
[19/Jun/2026 20:48:19] "GET /api/video-jobs/ HTTP/1.1" 200 12186361
[19/Jun/2026 20:48:19] "GET /api/image-jobs/ HTTP/1.1" 200 4761967
[19/Jun/2026 20:48:19] "GET /api/video-jobs/ HTTP/1.1" 200 12186361
[19/Jun/2026 20:49:42] "GET /api/image-jobs/ HTTP/1.1" 200 4761967
[19/Jun/2026 20:49:43] "GET /api/video-jobs/ HTTP/1.1" 200 12186361
[19/Jun/2026 20:51:20] "GET /api/image-jobs/ HTTP/1.1" 200 4761967
[19/Jun/2026 20:51:20] "GET /api/video-jobs/ HTTP/1.1" 200 12186361
[19/Jun/2026 20:52:30] "GET /api/image-jobs/ HTTP/1.1" 200 4761967
[19/Jun/2026 20:52:31] "GET /api/video-jobs/ HTTP/1.1" 200 12186361
[19/Jun/2026 20:55:48] "GET /api/image-jobs/ HTTP/1.1" 200 4761967
[19/Jun/2026 20:55:48] "GET /api/video-jobs/ HTTP/1.1" 200 12186361
[19/Jun/2026 21:06:20] "GET /api/image-jobs/ HTTP/1.1" 200 4761967
[19/Jun/2026 21:06:20] "GET /api/video-jobs/ HTTP/1.1" 200 12186361
[19/Jun/2026 21:09:28] "GET /api/image-jobs/ HTTP/1.1" 200 4761967
[19/Jun/2026 21:09:28] "GET /api/video-jobs/ HTTP/1.1" 200 12186361
[19/Jun/2026 21:11:28] "GET /api/image-jobs/ HTTP/1.1" 200 4761967
[19/Jun/2026 21:11:29] "GET /api/video-jobs/ HTTP/1.1" 200 12186361
[19/Jun/2026 21:11:31] "GET /api/image-jobs/ HTTP/1.1" 200 4761967
[19/Jun/2026 21:11:31] "GET /api/video-jobs/ HTTP/1.1" 200 12186361
[19/Jun/2026 21:11:52] "POST /api/image-jobs/ HTTP/1.1" 201 968597
[19/Jun/2026 21:12:25] "POST /api/image-jobs/ HTTP/1.1" 201 969050
[19/Jun/2026 21:12:25] "GET /media/images/job-17-1.jpeg HTTP/1.1" 200 977571
[19/Jun/2026 21:23:41] "GET /api/image-jobs/ HTTP/1.1" 200 6699616
[19/Jun/2026 21:23:42] "GET /api/image-jobs/ HTTP/1.1" 200 6699616
[19/Jun/2026 21:23:42] "GET /api/video-jobs/ HTTP/1.1" 200 12186361
[19/Jun/2026 21:23:42] "GET /api/video-jobs/ HTTP/1.1" 200 12186361
[19/Jun/2026 21:25:58] "GET /api/image-jobs/ HTTP/1.1" 200 6699616
[19/Jun/2026 21:25:58] "GET /api/video-jobs/ HTTP/1.1" 200 12186361
[19/Jun/2026 21:26:19] "GET /media/image_uploads/%E5%BE%AE%E4%BF%A1%E5%9B%BE%E7%89%87_20260615221735_45_28_0cuRmLO.jpg HTTP/1.1" 200 725505
[19/Jun/2026 21:26:19] "GET /media/images/job-17-1.jpeg HTTP/1.1" 200 977571
[19/Jun/2026 21:27:19] "GET /api/image-jobs/ HTTP/1.1" 200 6699616
[19/Jun/2026 21:27:19] "GET /api/video-jobs/ HTTP/1.1" 200 12186361
[19/Jun/2026 21:27:50] "POST /api/image-jobs/ HTTP/1.1" 201 968438
[19/Jun/2026 21:28:06] "POST /api/image-jobs/ HTTP/1.1" 201 968777
[19/Jun/2026 21:28:07] "GET /media/image_uploads/%E5%BE%AE%E4%BF%A1%E5%9B%BE%E7%89%87_20260615221735_45_28_X5Zqwnw.jpg HTTP/1.1" 200 725505
[19/Jun/2026 21:28:07] "GET /media/images/job-19-1.png HTTP/1.1" 200 6518382
[19/Jun/2026 21:28:17] "GET /media/images/job-19-1.png HTTP/1.1" 304 0
Not Found: /favicon.ico
[19/Jun/2026 21:28:18] "GET /favicon.ico HTTP/1.1" 404 2524
[19/Jun/2026 21:28:25] "GET /api/image-jobs/ HTTP/1.1" 200 8636833
[19/Jun/2026 21:30:22] "POST /api/image-jobs/ HTTP/1.1" 201 968773
[19/Jun/2026 21:30:22] "GET /media/image_uploads/%E5%BE%AE%E4%BF%A1%E5%9B%BE%E7%89%87_20260615221735_45_28_0uOFfMx.jpg HTTP/1.1" 200 725505
[19/Jun/2026 21:30:22] "GET /media/images/job-20-1.png HTTP/1.1" 200 6664245
[19/Jun/2026 21:38:52] "GET /api/image-jobs/ HTTP/1.1" 200 9605607
[19/Jun/2026 21:38:52] "GET /api/video-jobs/ HTTP/1.1" 200 12186361
[19/Jun/2026 21:38:53] "GET /api/video-jobs/ HTTP/1.1" 200 12186361
[19/Jun/2026 21:38:53] "GET /api/image-jobs/ HTTP/1.1" 200 9605607
[19/Jun/2026 21:41:59] "GET /api/image-jobs/ HTTP/1.1" 200 9605607
[19/Jun/2026 21:41:59] "GET /api/video-jobs/ HTTP/1.1" 200 12186361
[19/Jun/2026 21:41:59] "GET /api/image-jobs/ HTTP/1.1" 200 9605607
[19/Jun/2026 21:41:59] "GET /api/video-jobs/ HTTP/1.1" 200 12186361
[19/Jun/2026 21:43:48] "GET /api/image-jobs/ HTTP/1.1" 200 9605607
[19/Jun/2026 21:43:48] "GET /api/video-jobs/ HTTP/1.1" 200 12186361
[19/Jun/2026 21:44:04] "GET /media/image_uploads/%E5%BE%AE%E4%BF%A1%E5%9B%BE%E7%89%87_20260615221735_45_28_0cuRmLO.jpg HTTP/1.1" 304 0
[19/Jun/2026 21:44:04] "GET /media/images/job-17-1.jpeg HTTP/1.1" 304 0
[19/Jun/2026 21:44:04] "GET /media/image_uploads/%E5%BE%AE%E4%BF%A1%E5%9B%BE%E7%89%87_20260615221735_45_28_X5Zqwnw.jpg HTTP/1.1" 200 725505
[19/Jun/2026 21:44:04] "GET /media/image_uploads/%E5%BE%AE%E4%BF%A1%E5%9B%BE%E7%89%87_20260615221735_45_28_0uOFfMx.jpg HTTP/1.1" 200 725505
[19/Jun/2026 21:44:04] "GET /media/image_uploads/%E5%BE%AE%E4%BF%A1%E5%9B%BE%E7%89%87_20260615221735_45_28_5pYYmcW.jpg HTTP/1.1" 200 725505
[19/Jun/2026 21:44:04] "GET /media/image_uploads/%E5%BE%AE%E4%BF%A1%E5%9B%BE%E7%89%87_20260615221735_45_28_LSTgUiy.jpg HTTP/1.1" 200 725505
[19/Jun/2026 21:44:04] "GET /media/images/job-19-1.png HTTP/1.1" 200 6518382
[19/Jun/2026 21:44:04] "GET /media/images/job-20-1.png HTTP/1.1" 200 6664245
[19/Jun/2026 21:44:04] "GET /media/image_uploads/%E5%BE%AE%E4%BF%A1%E5%9B%BE%E7%89%87_20260615221735_45_28_8AMdqKe.jpg HTTP/1.1" 200 725505
[19/Jun/2026 21:44:05] "GET /media/image_uploads/%E5%BE%AE%E4%BF%A1%E5%9B%BE%E7%89%87_20260615221735_45_28_V2QWPhr.jpg HTTP/1.1" 200 725505
[19/Jun/2026 21:44:05] "GET /media/image_uploads/%E5%BE%AE%E4%BF%A1%E5%9B%BE%E7%89%87_20260615221735_45_28_MJBPE5S.jpg HTTP/1.1" 200 725505
Not Found: /media/images/job-11-1.jpeg
[19/Jun/2026 21:44:05] "GET /media/images/job-11-1.jpeg HTTP/1.1" 404 2785
[19/Jun/2026 21:44:05] "GET /media/image_uploads/FsiMrKK6RLX3oDsUxm8slstleZb7_M1fb17N.jpgmiddle.jpg HTTP/1.1" 200 14430
[19/Jun/2026 21:44:05] "GET /media/images/job-13-1.jpeg HTTP/1.1" 200 604923
[19/Jun/2026 21:44:05] "GET /media/image_uploads/%E5%BE%AE%E4%BF%A1%E5%9B%BE%E7%89%87_20260615221735_45_28.jpg HTTP/1.1" 200 725505
[19/Jun/2026 21:44:05] "GET /media/images/job-14-1.png HTTP/1.1" 200 5793184
[19/Jun/2026 21:44:05] "GET /media/images/job-15-1.png HTTP/1.1" 200 5517094
[19/Jun/2026 21:45:09] "GET /api/image-jobs/ HTTP/1.1" 200 9605607
[19/Jun/2026 21:45:09] "GET /api/video-jobs/ HTTP/1.1" 200 12186361
[19/Jun/2026 21:45:12] "GET /media/images/job-20-1.png HTTP/1.1" 304 0
[19/Jun/2026 21:45:12] "GET /media/image_uploads/%E5%BE%AE%E4%BF%A1%E5%9B%BE%E7%89%87_20260615221735_45_28_X5Zqwnw.jpg HTTP/1.1" 304 0
[19/Jun/2026 21:45:12] "GET /media/image_uploads/%E5%BE%AE%E4%BF%A1%E5%9B%BE%E7%89%87_20260615221735_45_28_0uOFfMx.jpg HTTP/1.1" 304 0
[19/Jun/2026 21:45:12] "GET /media/images/job-19-1.png HTTP/1.1" 304 0
[19/Jun/2026 21:45:12] "GET /media/images/job-17-1.jpeg HTTP/1.1" 304 0
[19/Jun/2026 21:45:12] "GET /media/image_uploads/%E5%BE%AE%E4%BF%A1%E5%9B%BE%E7%89%87_20260615221735_45_28_5pYYmcW.jpg HTTP/1.1" 200 725505
[19/Jun/2026 21:45:12] "GET /media/image_uploads/%E5%BE%AE%E4%BF%A1%E5%9B%BE%E7%89%87_20260615221735_45_28_LSTgUiy.jpg HTTP/1.1" 200 725505
[19/Jun/2026 21:45:12] "GET /media/image_uploads/%E5%BE%AE%E4%BF%A1%E5%9B%BE%E7%89%87_20260615221735_45_28_MJBPE5S.jpg HTTP/1.1" 200 725505
[19/Jun/2026 21:45:12] "GET /media/image_uploads/%E5%BE%AE%E4%BF%A1%E5%9B%BE%E7%89%87_20260615221735_45_28_V2QWPhr.jpg HTTP/1.1" 200 725505
[19/Jun/2026 21:45:12] "GET /media/image_uploads/%E5%BE%AE%E4%BF%A1%E5%9B%BE%E7%89%87_20260615221735_45_28_8AMdqKe.jpg HTTP/1.1" 200 725505
[19/Jun/2026 21:45:12] "GET /media/image_uploads/FsiMrKK6RLX3oDsUxm8slstleZb7_M1fb17N.jpgmiddle.jpg HTTP/1.1" 200 14430
Not Found: /media/images/job-11-1.jpeg
[19/Jun/2026 21:45:12] "GET /media/images/job-11-1.jpeg HTTP/1.1" 404 2785
[19/Jun/2026 21:45:12] "GET /media/images/job-13-1.jpeg HTTP/1.1" 200 604923
[19/Jun/2026 21:45:12] "GET /media/image_uploads/%E5%BE%AE%E4%BF%A1%E5%9B%BE%E7%89%87_20260615221735_45_28.jpg HTTP/1.1" 200 725505
[19/Jun/2026 21:45:12] "GET /media/images/job-15-1.png HTTP/1.1" 200 5517094
[19/Jun/2026 21:45:12] "GET /media/images/job-14-1.png HTTP/1.1" 200 5793184
[19/Jun/2026 21:45:12] "GET /media/image_uploads/%E5%BE%AE%E4%BF%A1%E5%9B%BE%E7%89%87_20260615221735_45_28_0cuRmLO.jpg HTTP/1.1" 200 725505
Not Found: /media/images/job-11-1.jpeg
[19/Jun/2026 21:45:44] "GET /media/images/job-11-1.jpeg HTTP/1.1" 404 2785
[19/Jun/2026 21:50:58] "GET /api/image-jobs/ HTTP/1.1" 200 9605607
[19/Jun/2026 21:50:58] "GET /api/image-jobs/ HTTP/1.1" 200 9605607
[19/Jun/2026 21:50:58] "GET /api/video-jobs/ HTTP/1.1" 200 12186361
[19/Jun/2026 21:50:58] "GET /api/video-jobs/ HTTP/1.1" 200 12186361
[19/Jun/2026 21:53:13] "GET /api/image-jobs/ HTTP/1.1" 200 9605607
[19/Jun/2026 21:53:13] "GET /api/video-jobs/ HTTP/1.1" 200 12186361
[19/Jun/2026 21:53:20] "GET /media/image_uploads/%E5%BE%AE%E4%BF%A1%E5%9B%BE%E7%89%87_20260615221735_45_28_0uOFfMx.jpg HTTP/1.1" 304 0
[19/Jun/2026 21:53:20] "GET /media/images/job-20-1.png HTTP/1.1" 304 0
[19/Jun/2026 21:53:20] "GET /media/image_uploads/%E5%BE%AE%E4%BF%A1%E5%9B%BE%E7%89%87_20260615221735_45_28_X5Zqwnw.jpg HTTP/1.1" 304 0
[19/Jun/2026 21:53:20] "GET /media/images/job-19-1.png HTTP/1.1" 304 0
[19/Jun/2026 21:53:20] "GET /media/image_uploads/%E5%BE%AE%E4%BF%A1%E5%9B%BE%E7%89%87_20260615221735_45_28_5pYYmcW.jpg HTTP/1.1" 304 0
[19/Jun/2026 21:53:20] "GET /media/image_uploads/%E5%BE%AE%E4%BF%A1%E5%9B%BE%E7%89%87_20260615221735_45_28_0cuRmLO.jpg HTTP/1.1" 304 0
[19/Jun/2026 21:53:20] "GET /media/images/job-17-1.jpeg HTTP/1.1" 304 0
[19/Jun/2026 21:53:20] "GET /media/image_uploads/%E5%BE%AE%E4%BF%A1%E5%9B%BE%E7%89%87_20260615221735_45_28_LSTgUiy.jpg HTTP/1.1" 304 0
Not Found: /media/images/job-11-1.jpeg
[19/Jun/2026 21:53:20] "GET /media/images/job-11-1.jpeg HTTP/1.1" 404 2785
[19/Jun/2026 21:54:54] "GET /api/image-jobs/ HTTP/1.1" 200 9605607
[19/Jun/2026 21:54:54] "GET /api/video-jobs/ HTTP/1.1" 200 12186361
[19/Jun/2026 21:54:56] "GET /media/image_uploads/%E5%BE%AE%E4%BF%A1%E5%9B%BE%E7%89%87_20260615221735_45_28_X5Zqwnw.jpg HTTP/1.1" 304 0
[19/Jun/2026 21:54:56] "GET /media/images/job-20-1.png HTTP/1.1" 304 0
[19/Jun/2026 21:54:56] "GET /media/image_uploads/%E5%BE%AE%E4%BF%A1%E5%9B%BE%E7%89%87_20260615221735_45_28_0uOFfMx.jpg HTTP/1.1" 304 0
[19/Jun/2026 21:54:56] "GET /media/images/job-19-1.png HTTP/1.1" 304 0
[19/Jun/2026 21:54:56] "GET /media/image_uploads/%E5%BE%AE%E4%BF%A1%E5%9B%BE%E7%89%87_20260615221735_45_28_5pYYmcW.jpg HTTP/1.1" 304 0
[19/Jun/2026 21:54:56] "GET /media/image_uploads/%E5%BE%AE%E4%BF%A1%E5%9B%BE%E7%89%87_20260615221735_45_28_0cuRmLO.jpg HTTP/1.1" 304 0
[19/Jun/2026 21:54:56] "GET /media/images/job-17-1.jpeg HTTP/1.1" 304 0
[19/Jun/2026 21:54:56] "GET /media/image_uploads/%E5%BE%AE%E4%BF%A1%E5%9B%BE%E7%89%87_20260615221735_45_28_LSTgUiy.jpg HTTP/1.1" 304 0
Not Found: /media/images/job-11-1.jpeg
[19/Jun/2026 21:54:56] "GET /media/images/job-11-1.jpeg HTTP/1.1" 404 2785
Not Found: /media/images/job-11-1.jpeg
[19/Jun/2026 21:55:18] "GET /media/images/job-11-1.jpeg HTTP/1.1" 404 2785
[19/Jun/2026 21:55:30] "GET /media/images/job-20-1.png HTTP/1.1" 200 6664245
