[2m21:39:51[22m [31m[1m[vite][22m[39m [31mInternal server error: Element is missing end tag.[39m
  Plugin: [35mvite:vue[39m
  File: [36mE:/CodexProject/Cao AI/frontend/src/App.vue[39m:740:15
[33m  738 |                </section>
  739 |  
  740 |                <section v-else class="record-failure-detail">
      |                 ^
  741 |                  <a-alert type="warning" show-icon message="任务已完成，但没有返回可展示的图片" />
  742 |                </div>[39m
      at createCompilerError (E:\CodexProject\Cao AI\frontend\node_modules\@vue\compiler-core\dist\compiler-core.cjs.js:1378:17)
      at emitError (E:\CodexProject\Cao AI\frontend\node_modules\@vue\compiler-core\dist\compiler-core.cjs.js:3014:5)
      at Object.onclosetag (E:\CodexProject\Cao AI\frontend\node_modules\@vue\compiler-core\dist\compiler-core.cjs.js:2381:13)
      at Tokenizer.stateInClosingTagName (E:\CodexProject\Cao AI\frontend\node_modules\@vue\compiler-core\dist\compiler-core.cjs.js:799:16)
      at Tokenizer.parse (E:\CodexProject\Cao AI\frontend\node_modules\@vue\compiler-core\dist\compiler-core.cjs.js:1157:16)
      at Object.baseParse (E:\CodexProject\Cao AI\frontend\node_modules\@vue\compiler-core\dist\compiler-core.cjs.js:3053:13)
      at Object.parse (E:\CodexProject\Cao AI\frontend\node_modules\@vue\compiler-dom\dist\compiler-dom.cjs.js:910:23)
      at Object.parse$1 [as parse] (E:\CodexProject\Cao AI\frontend\node_modules\@vue\compiler-sfc\dist\compiler-sfc.cjs.js:1824:24)
      at createDescriptor (file:///E:/CodexProject/Cao%20AI/frontend/node_modules/@vitejs/plugin-vue/dist/index.mjs:50:42)
      at handleHotUpdate (file:///E:/CodexProject/Cao%20AI/frontend/node_modules/@vitejs/plugin-vue/dist/index.mjs:1144:25)
[2m21:39:51[22m [31m[1m[vite][22m[39m [31mInternal server error: Element is missing end tag.[39m
  Plugin: [35mvite:vue[39m
  File: [36mE:/CodexProject/Cao AI/frontend/src/App.vue[39m:740:15
[33m  738 |                </section>
  739 |  
  740 |                <section v-else class="record-failure-detail">
      |                 ^
  741 |                  <a-alert type="warning" show-icon message="任务已完成，但没有返回可展示的图片" />
  742 |                </div>[39m
      at createCompilerError (E:\CodexProject\Cao AI\frontend\node_modules\@vue\compiler-core\dist\compiler-core.cjs.js:1378:17)
      at emitError (E:\CodexProject\Cao AI\frontend\node_modules\@vue\compiler-core\dist\compiler-core.cjs.js:3014:5)
      at Object.onclosetag (E:\CodexProject\Cao AI\frontend\node_modules\@vue\compiler-core\dist\compiler-core.cjs.js:2381:13)
      at Tokenizer.stateInClosingTagName (E:\CodexProject\Cao AI\frontend\node_modules\@vue\compiler-core\dist\compiler-core.cjs.js:799:16)
      at Tokenizer.parse (E:\CodexProject\Cao AI\frontend\node_modules\@vue\compiler-core\dist\compiler-core.cjs.js:1157:16)
      at Object.baseParse (E:\CodexProject\Cao AI\frontend\node_modules\@vue\compiler-core\dist\compiler-core.cjs.js:3053:13)
      at Object.parse (E:\CodexProject\Cao AI\frontend\node_modules\@vue\compiler-dom\dist\compiler-dom.cjs.js:910:23)
      at Object.parse$1 [as parse] (E:\CodexProject\Cao AI\frontend\node_modules\@vue\compiler-sfc\dist\compiler-sfc.cjs.js:1824:24)
      at createDescriptor (file:///E:/CodexProject/Cao%20AI/frontend/node_modules/@vitejs/plugin-vue/dist/index.mjs:50:42)
      at handleHotUpdate (file:///E:/CodexProject/Cao%20AI/frontend/node_modules/@vitejs/plugin-vue/dist/index.mjs:1144:25)
[2m21:39:51[22m [31m[1m[vite][22m[39m [31m[2m(client)[22m[39m [2m[console.error] [22m[vite] Failed to reload /src/App.vue. This could be due to syntax errors or importing non-existent modules. (see errors above)
[2m21:39:51[22m [31m[1m[vite][22m[39m [31m[2m(client)[22m[39m [2m[console.error] [22m[vite] Failed to reload /src/App.vue. This could be due to syntax errors or importing non-existent modules. (see errors above)
